This is pdfTeX, Version 3.1415926-2.3-1.40.12 (TeX Live 2011) (format=pdflatex 2011.7.3)  15 MAY 2012 16:10
entering extended mode
 \write18 enabled.
 file:line:error style messages enabled.
 %&-line parsing enabled.
**CDAcompleto.tex
(./CDAcompleto.tex
LaTeX2e <2009/09/24>
Babel <v3.8l> and hyphenation patterns for english, dumylang, nohyphenation, ge
rman-x-2009-06-19, ngerman-x-2009-06-19, afrikaans, ancientgreek, ibycus, arabi
c, armenian, basque, bulgarian, catalan, pinyin, coptic, croatian, czech, danis
h, dutch, ukenglish, usenglishmax, esperanto, estonian, ethiopic, farsi, finnis
h, french, galician, german, ngerman, swissgerman, monogreek, greek, hungarian,
 icelandic, assamese, bengali, gujarati, hindi, kannada, malayalam, marathi, or
iya, panjabi, tamil, telugu, indonesian, interlingua, irish, italian, kurmanji,
 lao, latin, latvian, lithuanian, mongolian, mongolianlmc, bokmal, nynorsk, pol
ish, portuguese, romanian, russian, sanskrit, serbian, serbianc, slovak, sloven
ian, spanish, swedish, turkish, turkmen, ukrainian, uppersorbian, welsh, loaded
.
(/usr/local/texlive/2011/texmf-dist/tex/latex/base/book.cls
Document Class: book 2007/10/19 v1.4h Standard LaTeX document class
(/usr/local/texlive/2011/texmf-dist/tex/latex/base/bk11.clo
File: bk11.clo 2007/10/19 v1.4h Standard LaTeX file (size option)
)
\c@part=\count79
\c@chapter=\count80
\c@section=\count81
\c@subsection=\count82
\c@subsubsection=\count83
\c@paragraph=\count84
\c@subparagraph=\count85
\c@figure=\count86
\c@table=\count87
\abovecaptionskip=\skip41
\belowcaptionskip=\skip42
\bibindent=\dimen102
)
(/usr/local/texlive/2011/texmf-dist/tex/latex/hyperref/hyperref.sty
Package: hyperref 2011/04/17 v6.82g Hypertext links for LaTeX

(/usr/local/texlive/2011/texmf-dist/tex/generic/oberdiek/hobsub-hyperref.sty
Package: hobsub-hyperref 2011/04/23 v1.4 Bundle oberdiek, subset hyperref (HO)

(/usr/local/texlive/2011/texmf-dist/tex/generic/oberdiek/hobsub-generic.sty
Package: hobsub-generic 2011/04/23 v1.4 Bundle oberdiek, subset generic (HO)
Package: hobsub 2011/04/23 v1.4 Subsetting bundle oberdiek (HO)
Package: infwarerr 2010/04/08 v1.3 Providing info/warning/message (HO)
Package: ltxcmds 2011/04/18 v1.20 LaTeX kernel commands for general use (HO)
Package: ifluatex 2010/03/01 v1.3 Provides the ifluatex switch (HO)
Package ifluatex Info: LuaTeX not detected.
Package: ifvtex 2010/03/01 v1.5 Switches for detecting VTeX and its modes (HO)
Package ifvtex Info: VTeX not detected.
Package: intcalc 2007/09/27 v1.1 Expandable integer calculations (HO)
Package: ifpdf 2011/01/30 v2.3 Provides the ifpdf switch (HO)
Package ifpdf Info: pdfTeX in PDF mode is detected.
Package: etexcmds 2011/02/16 v1.5 Prefix for e-TeX command names (HO)
Package etexcmds Info: Could not find \expanded.
(etexcmds)             That can mean that you are not using pdfTeX 1.50 or
(etexcmds)             that some package has redefined \expanded.
(etexcmds)             In the latter case, load this package earlier.
Package: kvsetkeys 2011/04/07 v1.13 Key value parser (HO)
Package: kvdefinekeys 2011/04/07 v1.3 Defining keys (HO)
Package: pdftexcmds 2011/04/22 v0.16 Utilities of pdfTeX for LuaTeX (HO)
Package pdftexcmds Info: LuaTeX not detected.
Package pdftexcmds Info: \pdf@primitive is available.
Package pdftexcmds Info: \pdf@ifprimitive is available.
Package pdftexcmds Info: \pdfdraftmode found.
Package: pdfescape 2011/04/04 v1.12 Provides string conversions (HO)
Package: bigintcalc 2011/01/30 v1.2 Expandable big integer calculations (HO)
Package: bitset 2011/01/30 v1.1 Data type bit set (HO)
Package: uniquecounter 2011/01/30 v1.2 Provides unlimited unique counter (HO)
)
Package hobsub Info: Skipping package `hobsub' (already loaded).
Package: letltxmacro 2010/09/02 v1.4 Let assignment for LaTeX macros (HO)
Package: hopatch 2011/01/30 v1.0 Wrapper for package hooks (HO)
Package: xcolor-patch 2011/01/30 xcolor patch
Package: atveryend 2011/04/23 v1.7 Hooks at very end of document (HO)
Package atveryend Info: \enddocument detected (standard).
Package: atbegshi 2011/01/30 v1.15 At begin shipout hook (HO)
Package: refcount 2010/12/01 v3.2 Data extraction from references (HO)
Package: hycolor 2011/01/30 v1.7 Color options of hyperref/bookmark (HO)
)
(/usr/local/texlive/2011/texmf-dist/tex/latex/graphics/keyval.sty
Package: keyval 1999/03/16 v1.13 key=value parser (DPC)
\KV@toks@=\toks14
)
(/usr/local/texlive/2011/texmf-dist/tex/generic/ifxetex/ifxetex.sty
Package: ifxetex 2010/09/12 v0.6 Provides ifxetex conditional
)
(/usr/local/texlive/2011/texmf-dist/tex/latex/oberdiek/kvoptions.sty
Package: kvoptions 2010/12/23 v3.10 Keyval support for LaTeX options (HO)
)
\@linkdim=\dimen103
\Hy@linkcounter=\count88
\Hy@pagecounter=\count89

(/usr/local/texlive/2011/texmf-dist/tex/latex/hyperref/pd1enc.def
File: pd1enc.def 2011/04/17 v6.82g Hyperref: PDFDocEncoding definition (HO)
)
\Hy@SavedSpaceFactor=\count90

(/usr/local/texlive/2011/texmf-dist/tex/latex/latexconfig/hyperref.cfg
File: hyperref.cfg 2002/06/06 v1.2 hyperref configuration of TeXLive
)
Package hyperref Info: Hyper figures OFF on input line 4026.
Package hyperref Info: Link nesting OFF on input line 4031.
Package hyperref Info: Hyper index ON on input line 4034.
Package hyperref Info: Plain pages OFF on input line 4041.
Package hyperref Info: Backreferencing OFF on input line 4046.
Package hyperref Info: Implicit mode ON; LaTeX internals redefined.
Package hyperref Info: Bookmarks ON on input line 4264.
\c@Hy@tempcnt=\count91

(/usr/local/texlive/2011/texmf-dist/tex/latex/url/url.sty
\Urlmuskip=\muskip10
Package: url 2006/04/12  ver 3.3  Verb mode for urls, etc.
)
LaTeX Info: Redefining \url on input line 4617.
\Fld@menulength=\count92
\Field@Width=\dimen104
\Fld@charsize=\dimen105
Package hyperref Info: Hyper figures OFF on input line 5701.
Package hyperref Info: Link nesting OFF on input line 5706.
Package hyperref Info: Hyper index ON on input line 5709.
Package hyperref Info: backreferencing OFF on input line 5716.
Package hyperref Info: Link coloring OFF on input line 5721.
Package hyperref Info: Link coloring with OCG OFF on input line 5726.
Package hyperref Info: PDF/A mode OFF on input line 5731.
LaTeX Info: Redefining \ref on input line 5771.
LaTeX Info: Redefining \pageref on input line 5775.
\Hy@abspage=\count93
\c@Item=\count94
\c@Hfootnote=\count95
)

Package hyperref Message: Driver: hpdftex.

(/usr/local/texlive/2011/texmf-dist/tex/latex/hyperref/hpdftex.def
File: hpdftex.def 2011/04/17 v6.82g Hyperref driver for pdfTeX
\Fld@listcount=\count96
\c@bookmark@seq@number=\count97

(/usr/local/texlive/2011/texmf-dist/tex/latex/oberdiek/rerunfilecheck.sty
Package: rerunfilecheck 2011/04/15 v1.7 Rerun checks for auxiliary files (HO)
Package uniquecounter Info: New unique counter `rerunfilecheck' on input line 2
82.
)
\Hy@SectionHShift=\skip43
)
Package hyperref Info: Option `colorlinks' set `true' on input line 8.

(/usr/local/texlive/2011/texmf-dist/tex/latex/base/fontenc.sty
Package: fontenc 2005/09/27 v1.99g Standard LaTeX package

(/usr/local/texlive/2011/texmf-dist/tex/latex/base/t1enc.def
File: t1enc.def 2005/09/27 v1.99g Standard LaTeX file
LaTeX Font Info:    Redeclaring font encoding T1 on input line 43.
))
(/usr/local/texlive/2011/texmf-dist/tex/latex/geometry/geometry.sty
Package: geometry 2010/09/12 v5.6 Page Geometry
\Gm@cnth=\count98
\Gm@cntv=\count99
\c@Gm@tempcnt=\count100
\Gm@bindingoffset=\dimen106
\Gm@wd@mp=\dimen107
\Gm@odd@mp=\dimen108
\Gm@even@mp=\dimen109
\Gm@layoutwidth=\dimen110
\Gm@layoutheight=\dimen111
\Gm@layouthoffset=\dimen112
\Gm@layoutvoffset=\dimen113
\Gm@dimlist=\toks15
)
(/usr/local/texlive/2011/texmf-dist/tex/generic/babel/babel.sty
Package: babel 2008/07/06 v3.8l The Babel package

(/usr/local/texlive/2011/texmf-dist/tex/generic/babel/italian.ldf
Language: italian 2008/03/14 v1.2t Italian support from the babel system

(/usr/local/texlive/2011/texmf-dist/tex/generic/babel/babel.def
File: babel.def 2008/07/06 v3.8l Babel common definitions
\babel@savecnt=\count101
\U@D=\dimen114
)
Package babel Info: Making " an active character on input line 94.
))
(/usr/local/texlive/2011/texmf-dist/tex/latex/wallpaper/wallpaper.sty
Package: wallpaper 2005/01/18, v1.01 easy wallpaper formatting (MHFW)

(/usr/local/texlive/2011/texmf-dist/tex/latex/base/ifthen.sty
Package: ifthen 2001/05/26 v1.1c Standard LaTeX ifthen package (DPC)
)
(/usr/local/texlive/2011/texmf-dist/tex/latex/tools/calc.sty
Package: calc 2007/08/22 v4.3 Infix arithmetic (KKT,FJ)
\calc@Acount=\count102
\calc@Bcount=\count103
\calc@Adimen=\dimen115
\calc@Bdimen=\dimen116
\calc@Askip=\skip44
\calc@Bskip=\skip45
LaTeX Info: Redefining \setlength on input line 76.
LaTeX Info: Redefining \addtolength on input line 77.
\calc@Ccount=\count104
\calc@Cskip=\skip46
)
(/usr/local/texlive/2011/texmf-dist/tex/latex/eso-pic/eso-pic.sty
Package: eso-pic 2010/10/06 v2.0c eso-pic (RN)

(/usr/local/texlive/2011/texmf-dist/tex/latex/xcolor/xcolor.sty
Package: xcolor 2007/01/21 v2.11 LaTeX color extensions (UK)

(/usr/local/texlive/2011/texmf-dist/tex/latex/latexconfig/color.cfg
File: color.cfg 2007/01/18 v1.5 color configuration of teTeX/TeXLive
)
Package xcolor Info: Driver file: pdftex.def on input line 225.

(/usr/local/texlive/2011/texmf-dist/tex/latex/pdftex-def/pdftex.def
File: pdftex.def 2011/05/27 v0.06d Graphics/color for pdfTeX
\Gread@gobject=\count105
)
Package xcolor Info: Model `cmy' substituted by `cmy0' on input line 1337.
Package xcolor Info: Model `hsb' substituted by `rgb' on input line 1341.
Package xcolor Info: Model `RGB' extended on input line 1353.
Package xcolor Info: Model `HTML' substituted by `rgb' on input line 1355.
Package xcolor Info: Model `Hsb' substituted by `hsb' on input line 1356.
Package xcolor Info: Model `tHsb' substituted by `hsb' on input line 1357.
Package xcolor Info: Model `HSB' substituted by `hsb' on input line 1358.
Package xcolor Info: Model `Gray' substituted by `gray' on input line 1359.
Package xcolor Info: Model `wave' substituted by `hsb' on input line 1360.
))
(/usr/local/texlive/2011/texmf-dist/tex/latex/graphics/graphicx.sty
Package: graphicx 1999/02/16 v1.0f Enhanced LaTeX Graphics (DPC,SPQR)

(/usr/local/texlive/2011/texmf-dist/tex/latex/graphics/graphics.sty
Package: graphics 2009/02/05 v1.0o Standard LaTeX Graphics (DPC,SPQR)

(/usr/local/texlive/2011/texmf-dist/tex/latex/graphics/trig.sty
Package: trig 1999/03/16 v1.09 sin cos tan (DPC)
)
(/usr/local/texlive/2011/texmf-dist/tex/latex/latexconfig/graphics.cfg
File: graphics.cfg 2010/04/23 v1.9 graphics configuration of TeX Live
)
Package graphics Info: Driver file: pdftex.def on input line 91.
)
\Gin@req@height=\dimen117
\Gin@req@width=\dimen118
)
\wpXoffset=\skip47
\wpYoffset=\skip48
\tileXoffset=\skip49
\tileYoffset=\skip50
\tilewidth=\skip51
\tileheight=\skip52
\tileX=\skip53
\tileY=\skip54
)
(/usr/local/texlive/2011/texmf-dist/tex/latex/lettrine/lettrine.sty
File: lettrine.sty 2007/08/08 v1.62 (Daniel Flipo)
\c@DefaultLines=\count106
\DefaultFindent=\dimen119
\DefaultNindent=\dimen120
\DefaultSlope=\dimen121
\L@lbox=\box26
\L@tbox=\box27
\c@L@lines=\count107
\L@Pindent=\dimen122
\L@Findent=\dimen123
\L@Nindent=\dimen124
\L@lraise=\dimen125
\L@first=\dimen126
\L@next=\dimen127
\L@slope=\dimen128
\L@height=\dimen129
\LettrineWidth=\dimen130

Loading lettrine.cfg
(/usr/local/texlive/2011/texmf-dist/tex/latex/lettrine/lettrine.cfg))
(/usr/local/texlive/2011/texmf-dist/tex/latex/jknapltx/mathrsfs.sty
Package: mathrsfs 1996/01/01 Math RSFS package v1.0 (jk)
\symrsfs=\mathgroup4
)
(/usr/local/texlive/2011/texmf-dist/tex/latex/picinpar/picinpar.sty
Pictures in Paragraphs. Version 1.2a, July 13, 1993
\br=\count108
\bl=\count109
\na=\count110
\nb=\count111
\tcdsav=\count112
\tcl=\count113
\tcd=\count114
\tcn=\count115
\cumtcl=\count116
\cumpartcl=\count117
\lftside=\dimen131
\rtside=\dimen132
\hpic=\dimen133
\vpic=\dimen134
\strutilg=\dimen135
\picwd=\dimen136
\topheight=\dimen137
\ilg=\dimen138
\lpic=\dimen139
\lwindowsep=\dimen140
\rwindowsep=\dimen141
\cumpar=\dimen142
\twa=\toks16
\la=\toks17
\ra=\toks18
\ha=\toks19
\pictoc=\toks20
\rawtext=\box28
\holder=\box29
\windowbox=\box30
\wartext=\box31
\finaltext=\box32
\aslice=\box33
\bslice=\box34
\wbox=\box35
\wstrutbox=\box36
\picbox=\box37
\waslice=\box38
\wbslice=\box39
\fslice=\box40
) (/usr/local/texlive/2011/texmf/tex/latex/asymptote/asymptote.sty
Package: asymptote 2011/05/15 v1.24 Asymptote style file for LaTeX
\ASYbox=\box41
\c@asy=\count118
\AsyStream=\write3
\AsyPreStream=\write4

(/usr/local/texlive/2011/texmf-dist/tex/generic/oberdiek/catchfile.sty
Package: catchfile 2011/03/01 v1.6 Catches the contents of a file (HO)
)
\openout4 = `CDAcompleto.pre'.

)
(/usr/local/texlive/2011/texmf-dist/tex/latex/pict2e/pict2e.sty
Package: pict2e 2011/04/05 v0.2y Improved picture commands (HjG,RN,JT)

(/usr/local/texlive/2011/texmf-dist/tex/latex/pict2e/pict2e.cfg
File: pict2e.cfg 2011/04/05 v0.1t pict2e configuration for teTeX/TeXLive
)
Package pict2e Info: Driver file: pdftex.def on input line 119.
Package pict2e Info: Driver file for pict2e: p2e-pdftex.def on input line 121.

(/usr/local/texlive/2011/texmf-dist/tex/latex/pict2e/p2e-pdftex.def
File: p2e-pdftex.def 2011/04/05 v0.1t Driver-dependant file (RN,HjG,JT)
)
\pIIe@GRAPH=\toks21
\@arclen=\dimen143
\@arcrad=\dimen144
\@tempdimd=\dimen145
)
(/usr/local/texlive/2011/texmf-dist/tex/latex/pgf/frontendlayer/tikz.sty
(/usr/local/texlive/2011/texmf-dist/tex/latex/pgf/basiclayer/pgf.sty
(/usr/local/texlive/2011/texmf-dist/tex/latex/pgf/utilities/pgfrcs.sty
(/usr/local/texlive/2011/texmf-dist/tex/generic/pgf/utilities/pgfutil-common.te
x
\pgfutil@everybye=\toks22
)
(/usr/local/texlive/2011/texmf-dist/tex/generic/pgf/utilities/pgfutil-latex.def
\pgfutil@abb=\box42
(/usr/local/texlive/2011/texmf-dist/tex/latex/ms/everyshi.sty
Package: everyshi 2001/05/15 v3.00 EveryShipout Package (MS)
))
(/usr/local/texlive/2011/texmf-dist/tex/generic/pgf/utilities/pgfrcs.code.tex
Package: pgfrcs 2010/10/25 v2.10 (rcs-revision 1.24)
))
Package: pgf 2008/01/15 v2.10 (rcs-revision 1.12)
(/usr/local/texlive/2011/texmf-dist/tex/latex/pgf/basiclayer/pgfcore.sty
(/usr/local/texlive/2011/texmf-dist/tex/latex/pgf/systemlayer/pgfsys.sty
(/usr/local/texlive/2011/texmf-dist/tex/generic/pgf/systemlayer/pgfsys.code.tex
Package: pgfsys 2010/06/30 v2.10 (rcs-revision 1.37)
(/usr/local/texlive/2011/texmf-dist/tex/generic/pgf/utilities/pgfkeys.code.tex
\pgfkeys@pathtoks=\toks23
\pgfkeys@temptoks=\toks24

(/usr/local/texlive/2011/texmf-dist/tex/generic/pgf/utilities/pgfkeysfiltered.c
ode.tex
\pgfkeys@tmptoks=\toks25
))
\pgf@x=\dimen146
\pgf@y=\dimen147
\pgf@xa=\dimen148
\pgf@ya=\dimen149
\pgf@xb=\dimen150
\pgf@yb=\dimen151
\pgf@xc=\dimen152
\pgf@yc=\dimen153
\w@pgf@writea=\write5
\r@pgf@reada=\read1
\c@pgf@counta=\count119
\c@pgf@countb=\count120
\c@pgf@countc=\count121
\c@pgf@countd=\count122

(/usr/local/texlive/2011/texmf-dist/tex/generic/pgf/systemlayer/pgf.cfg
File: pgf.cfg 2008/05/14  (rcs-revision 1.7)
)
Package pgfsys Info: Driver file for pgf: pgfsys-pdftex.def on input line 900.

(/usr/local/texlive/2011/texmf-dist/tex/generic/pgf/systemlayer/pgfsys-pdftex.d
ef
File: pgfsys-pdftex.def 2009/05/22  (rcs-revision 1.26)

(/usr/local/texlive/2011/texmf-dist/tex/generic/pgf/systemlayer/pgfsys-common-p
df.def
File: pgfsys-common-pdf.def 2008/05/19  (rcs-revision 1.10)
)))
(/usr/local/texlive/2011/texmf-dist/tex/generic/pgf/systemlayer/pgfsyssoftpath.
code.tex
File: pgfsyssoftpath.code.tex 2008/07/18  (rcs-revision 1.7)
\pgfsyssoftpath@smallbuffer@items=\count123
\pgfsyssoftpath@bigbuffer@items=\count124
)
(/usr/local/texlive/2011/texmf-dist/tex/generic/pgf/systemlayer/pgfsysprotocol.
code.tex
File: pgfsysprotocol.code.tex 2006/10/16  (rcs-revision 1.4)
))
(/usr/local/texlive/2011/texmf-dist/tex/generic/pgf/basiclayer/pgfcore.code.tex
Package: pgfcore 2010/04/11 v2.10 (rcs-revision 1.7)
(/usr/local/texlive/2011/texmf-dist/tex/generic/pgf/math/pgfmath.code.tex
(/usr/local/texlive/2011/texmf-dist/tex/generic/pgf/math/pgfmathcalc.code.tex
(/usr/local/texlive/2011/texmf-dist/tex/generic/pgf/math/pgfmathutil.code.tex)
(/usr/local/texlive/2011/texmf-dist/tex/generic/pgf/math/pgfmathparser.code.tex
\pgfmath@dimen=\dimen154
\pgfmath@count=\count125
\pgfmath@box=\box43
\pgfmath@toks=\toks26
\pgfmath@stack@operand=\toks27
\pgfmath@stack@operation=\toks28
)
(/usr/local/texlive/2011/texmf-dist/tex/generic/pgf/math/pgfmathfunctions.code.
tex
(/usr/local/texlive/2011/texmf-dist/tex/generic/pgf/math/pgfmathfunctions.basic
.code.tex)
(/usr/local/texlive/2011/texmf-dist/tex/generic/pgf/math/pgfmathfunctions.trigo
nometric.code.tex)
(/usr/local/texlive/2011/texmf-dist/tex/generic/pgf/math/pgfmathfunctions.rando
m.code.tex)
(/usr/local/texlive/2011/texmf-dist/tex/generic/pgf/math/pgfmathfunctions.compa
rison.code.tex)
(/usr/local/texlive/2011/texmf-dist/tex/generic/pgf/math/pgfmathfunctions.base.
code.tex)
(/usr/local/texlive/2011/texmf-dist/tex/generic/pgf/math/pgfmathfunctions.round
.code.tex)
(/usr/local/texlive/2011/texmf-dist/tex/generic/pgf/math/pgfmathfunctions.misc.
code.tex)))
(/usr/local/texlive/2011/texmf-dist/tex/generic/pgf/math/pgfmathfloat.code.tex
\c@pgfmathroundto@lastzeros=\count126
))
(/usr/local/texlive/2011/texmf-dist/tex/generic/pgf/basiclayer/pgfcorepoints.co
de.tex
File: pgfcorepoints.code.tex 2010/04/09  (rcs-revision 1.20)
\pgf@picminx=\dimen155
\pgf@picmaxx=\dimen156
\pgf@picminy=\dimen157
\pgf@picmaxy=\dimen158
\pgf@pathminx=\dimen159
\pgf@pathmaxx=\dimen160
\pgf@pathminy=\dimen161
\pgf@pathmaxy=\dimen162
\pgf@xx=\dimen163
\pgf@xy=\dimen164
\pgf@yx=\dimen165
\pgf@yy=\dimen166
\pgf@zx=\dimen167
\pgf@zy=\dimen168
)
(/usr/local/texlive/2011/texmf-dist/tex/generic/pgf/basiclayer/pgfcorepathconst
ruct.code.tex
File: pgfcorepathconstruct.code.tex 2010/08/03  (rcs-revision 1.24)
\pgf@path@lastx=\dimen169
\pgf@path@lasty=\dimen170
)
(/usr/local/texlive/2011/texmf-dist/tex/generic/pgf/basiclayer/pgfcorepathusage
.code.tex
File: pgfcorepathusage.code.tex 2008/04/22  (rcs-revision 1.12)
\pgf@shorten@end@additional=\dimen171
\pgf@shorten@start@additional=\dimen172
)
(/usr/local/texlive/2011/texmf-dist/tex/generic/pgf/basiclayer/pgfcorescopes.co
de.tex
File: pgfcorescopes.code.tex 2010/09/08  (rcs-revision 1.34)
\pgfpic=\box44
\pgf@hbox=\box45
\pgf@layerbox@main=\box46
\pgf@picture@serial@count=\count127
)
(/usr/local/texlive/2011/texmf-dist/tex/generic/pgf/basiclayer/pgfcoregraphicst
ate.code.tex
File: pgfcoregraphicstate.code.tex 2008/04/22  (rcs-revision 1.9)
\pgflinewidth=\dimen173
)
(/usr/local/texlive/2011/texmf-dist/tex/generic/pgf/basiclayer/pgfcoretransform
ations.code.tex
File: pgfcoretransformations.code.tex 2009/06/10  (rcs-revision 1.11)
\pgf@pt@x=\dimen174
\pgf@pt@y=\dimen175
\pgf@pt@temp=\dimen176
)
(/usr/local/texlive/2011/texmf-dist/tex/generic/pgf/basiclayer/pgfcorequick.cod
e.tex
File: pgfcorequick.code.tex 2008/10/09  (rcs-revision 1.3)
)
(/usr/local/texlive/2011/texmf-dist/tex/generic/pgf/basiclayer/pgfcoreobjects.c
ode.tex
File: pgfcoreobjects.code.tex 2006/10/11  (rcs-revision 1.2)
)
(/usr/local/texlive/2011/texmf-dist/tex/generic/pgf/basiclayer/pgfcorepathproce
ssing.code.tex
File: pgfcorepathprocessing.code.tex 2008/10/09  (rcs-revision 1.8)
)
(/usr/local/texlive/2011/texmf-dist/tex/generic/pgf/basiclayer/pgfcorearrows.co
de.tex
File: pgfcorearrows.code.tex 2008/04/23  (rcs-revision 1.11)
)
(/usr/local/texlive/2011/texmf-dist/tex/generic/pgf/basiclayer/pgfcoreshade.cod
e.tex
File: pgfcoreshade.code.tex 2008/11/23  (rcs-revision 1.13)
\pgf@max=\dimen177
\pgf@sys@shading@range@num=\count128
)
(/usr/local/texlive/2011/texmf-dist/tex/generic/pgf/basiclayer/pgfcoreimage.cod
e.tex
File: pgfcoreimage.code.tex 2010/03/25  (rcs-revision 1.16)

(/usr/local/texlive/2011/texmf-dist/tex/generic/pgf/basiclayer/pgfcoreexternal.
code.tex
File: pgfcoreexternal.code.tex 2010/09/01  (rcs-revision 1.17)
\pgfexternal@startupbox=\box47
))
(/usr/local/texlive/2011/texmf-dist/tex/generic/pgf/basiclayer/pgfcorelayers.co
de.tex
File: pgfcorelayers.code.tex 2010/08/27  (rcs-revision 1.2)
)
(/usr/local/texlive/2011/texmf-dist/tex/generic/pgf/basiclayer/pgfcoretranspare
ncy.code.tex
File: pgfcoretransparency.code.tex 2008/01/17  (rcs-revision 1.2)
)
(/usr/local/texlive/2011/texmf-dist/tex/generic/pgf/basiclayer/pgfcorepatterns.
code.tex
File: pgfcorepatterns.code.tex 2009/07/02  (rcs-revision 1.3)
)))
(/usr/local/texlive/2011/texmf-dist/tex/generic/pgf/modules/pgfmoduleshapes.cod
e.tex
File: pgfmoduleshapes.code.tex 2010/09/09  (rcs-revision 1.13)
\pgfnodeparttextbox=\box48
)
(/usr/local/texlive/2011/texmf-dist/tex/generic/pgf/modules/pgfmoduleplot.code.
tex
File: pgfmoduleplot.code.tex 2010/10/22  (rcs-revision 1.8)
)
(/usr/local/texlive/2011/texmf-dist/tex/latex/pgf/compatibility/pgfcomp-version
-0-65.sty
Package: pgfcomp-version-0-65 2007/07/03 v2.10 (rcs-revision 1.7)
\pgf@nodesepstart=\dimen178
\pgf@nodesepend=\dimen179
)
(/usr/local/texlive/2011/texmf-dist/tex/latex/pgf/compatibility/pgfcomp-version
-1-18.sty
Package: pgfcomp-version-1-18 2007/07/23 v2.10 (rcs-revision 1.1)
))
(/usr/local/texlive/2011/texmf-dist/tex/latex/pgf/utilities/pgffor.sty
(/usr/local/texlive/2011/texmf-dist/tex/latex/pgf/utilities/pgfkeys.sty
(/usr/local/texlive/2011/texmf-dist/tex/generic/pgf/utilities/pgfkeys.code.tex)
) (/usr/local/texlive/2011/texmf-dist/tex/generic/pgf/utilities/pgffor.code.tex
Package: pgffor 2010/03/23 v2.10 (rcs-revision 1.18)
\pgffor@iter=\dimen180
\pgffor@skip=\dimen181
\pgffor@stack=\toks29
\pgffor@toks=\toks30
))
(/usr/local/texlive/2011/texmf-dist/tex/generic/pgf/frontendlayer/tikz/tikz.cod
e.tex
Package: tikz 2010/10/13 v2.10 (rcs-revision 1.76)

(/usr/local/texlive/2011/texmf-dist/tex/generic/pgf/libraries/pgflibraryplothan
dlers.code.tex
File: pgflibraryplothandlers.code.tex 2010/05/31 v2.10 (rcs-revision 1.15)
\pgf@plot@mark@count=\count129
\pgfplotmarksize=\dimen182
)
\tikz@lastx=\dimen183
\tikz@lasty=\dimen184
\tikz@lastxsaved=\dimen185
\tikz@lastysaved=\dimen186
\tikzleveldistance=\dimen187
\tikzsiblingdistance=\dimen188
\tikz@figbox=\box49
\tikz@tempbox=\box50
\tikztreelevel=\count130
\tikznumberofchildren=\count131
\tikznumberofcurrentchild=\count132
\tikz@fig@count=\count133

(/usr/local/texlive/2011/texmf-dist/tex/generic/pgf/modules/pgfmodulematrix.cod
e.tex
File: pgfmodulematrix.code.tex 2010/08/24  (rcs-revision 1.4)
\pgfmatrixcurrentrow=\count134
\pgfmatrixcurrentcolumn=\count135
\pgf@matrix@numberofcolumns=\count136
)
\tikz@expandcount=\count137

(/usr/local/texlive/2011/texmf-dist/tex/generic/pgf/frontendlayer/tikz/librarie
s/tikzlibrarytopaths.code.tex
File: tikzlibrarytopaths.code.tex 2008/06/17 v2.10 (rcs-revision 1.2)
)))
(/usr/local/texlive/2011/texmf-dist/tex/generic/pgf/frontendlayer/tikz/librarie
s/tikzlibraryshapes.code.tex
File: tikzlibraryshapes.code.tex 2008/01/09 v2.10 (rcs-revision 1.1)

(/usr/local/texlive/2011/texmf-dist/tex/generic/pgf/frontendlayer/tikz/librarie
s/tikzlibraryshapes.geometric.code.tex
File: tikzlibraryshapes.geometric.code.tex 2008/01/09 v2.10 (rcs-revision 1.1)

(/usr/local/texlive/2011/texmf-dist/tex/generic/pgf/libraries/shapes/pgflibrary
shapes.geometric.code.tex
File: pgflibraryshapes.geometric.code.tex 2008/06/26 v2.10 (rcs-revision 1.1)
))
(/usr/local/texlive/2011/texmf-dist/tex/generic/pgf/frontendlayer/tikz/librarie
s/tikzlibraryshapes.misc.code.tex
File: tikzlibraryshapes.misc.code.tex 2008/01/09 v2.10 (rcs-revision 1.1)

(/usr/local/texlive/2011/texmf-dist/tex/generic/pgf/libraries/shapes/pgflibrary
shapes.misc.code.tex
File: pgflibraryshapes.misc.code.tex 2008/10/07 v2.10 (rcs-revision 1.3)
))
(/usr/local/texlive/2011/texmf-dist/tex/generic/pgf/frontendlayer/tikz/librarie
s/tikzlibraryshapes.symbols.code.tex
File: tikzlibraryshapes.symbols.code.tex 2008/01/09 v2.10 (rcs-revision 1.1)

(/usr/local/texlive/2011/texmf-dist/tex/generic/pgf/libraries/shapes/pgflibrary
shapes.symbols.code.tex
File: pgflibraryshapes.symbols.code.tex 2009/10/27 v2.10 (rcs-revision 1.3)
))
(/usr/local/texlive/2011/texmf-dist/tex/generic/pgf/frontendlayer/tikz/librarie
s/tikzlibraryshapes.arrows.code.tex
File: tikzlibraryshapes.arrows.code.tex 2008/01/09 v2.10 (rcs-revision 1.1)

(/usr/local/texlive/2011/texmf-dist/tex/generic/pgf/libraries/shapes/pgflibrary
shapes.arrows.code.tex
File: pgflibraryshapes.arrows.code.tex 2008/06/26 v2.10 (rcs-revision 1.1)
))
(/usr/local/texlive/2011/texmf-dist/tex/generic/pgf/frontendlayer/tikz/librarie
s/tikzlibraryshapes.callouts.code.tex
(/usr/local/texlive/2011/texmf-dist/tex/generic/pgf/libraries/shapes/pgflibrary
shapes.callouts.code.tex))
(/usr/local/texlive/2011/texmf-dist/tex/generic/pgf/frontendlayer/tikz/librarie
s/tikzlibraryshapes.multipart.code.tex
File: tikzlibraryshapes.multipart.code.tex 2008/01/09 v2.10 (rcs-revision 1.1)

(/usr/local/texlive/2011/texmf-dist/tex/generic/pgf/libraries/shapes/pgflibrary
shapes.multipart.code.tex
File: pgflibraryshapes.multipart.code.tex 2010/01/07 v2.10 (rcs-revision 1.2)
\pgfnodepartlowerbox=\box51
\pgfnodeparttwobox=\box52
\pgfnodepartthreebox=\box53
\pgfnodepartfourbox=\box54
\pgfnodeparttwentybox=\box55
\pgfnodepartnineteenbox=\box56
\pgfnodeparteighteenbox=\box57
\pgfnodepartseventeenbox=\box58
\pgfnodepartsixteenbox=\box59
\pgfnodepartfifteenbox=\box60
\pgfnodepartfourteenbox=\box61
\pgfnodepartthirteenbox=\box62
\pgfnodeparttwelvebox=\box63
\pgfnodepartelevenbox=\box64
\pgfnodeparttenbox=\box65
\pgfnodepartninebox=\box66
\pgfnodeparteightbox=\box67
\pgfnodepartsevenbox=\box68
\pgfnodepartsixbox=\box69
\pgfnodepartfivebox=\box70
)))
(/usr/local/texlive/2011/texmf-dist/tex/generic/pgf/frontendlayer/tikz/librarie
s/tikzlibrarybackgrounds.code.tex
File: tikzlibrarybackgrounds.code.tex 2010/02/08 v2.10 (rcs-revision 1.2)
\pgf@layerbox@background=\box71
\pgf@layerboxsaved@background=\box72
)
(/usr/local/texlive/2011/texmf-dist/tex/latex/dlfltxb/dlfltxbcodetips.sty
Package: dlfltxbcodetips 2010/03/04 v0.5 by Lars 'daleif' Madsen

(/usr/local/texlive/2011/texmf-dist/tex/latex/amsmath/amsmath.sty
Package: amsmath 2000/07/18 v2.13 AMS math features
\@mathmargin=\skip55

For additional information on amsmath, use the `?' option.
(/usr/local/texlive/2011/texmf-dist/tex/latex/amsmath/amstext.sty
Package: amstext 2000/06/29 v2.01

(/usr/local/texlive/2011/texmf-dist/tex/latex/amsmath/amsgen.sty
File: amsgen.sty 1999/11/30 v2.0
\@emptytoks=\toks31
\ex@=\dimen189
))
(/usr/local/texlive/2011/texmf-dist/tex/latex/amsmath/amsbsy.sty
Package: amsbsy 1999/11/29 v1.2d
\pmbraise@=\dimen190
)
(/usr/local/texlive/2011/texmf-dist/tex/latex/amsmath/amsopn.sty
Package: amsopn 1999/12/14 v2.01 operator names
)
\inf@bad=\count138
LaTeX Info: Redefining \frac on input line 211.
\uproot@=\count139
\leftroot@=\count140
LaTeX Info: Redefining \overline on input line 307.
\classnum@=\count141
\DOTSCASE@=\count142
LaTeX Info: Redefining \ldots on input line 379.
LaTeX Info: Redefining \dots on input line 382.
LaTeX Info: Redefining \cdots on input line 467.
\Mathstrutbox@=\box73
\strutbox@=\box74
\big@size=\dimen191
LaTeX Font Info:    Redeclaring font encoding OML on input line 567.
LaTeX Font Info:    Redeclaring font encoding OMS on input line 568.
\macc@depth=\count143
\c@MaxMatrixCols=\count144
\dotsspace@=\muskip11
\c@parentequation=\count145
\dspbrk@lvl=\count146
\tag@help=\toks32
\row@=\count147
\column@=\count148
\maxfields@=\count149
\andhelp@=\toks33
\eqnshift@=\dimen192
\alignsep@=\dimen193
\tagshift@=\dimen194
\tagwidth@=\dimen195
\totwidth@=\dimen196
\lineht@=\dimen197
\@envbody=\toks34
\multlinegap=\skip56
\multlinetaggap=\skip57
\mathdisplay@stack=\toks35
LaTeX Info: Redefining \[ on input line 2666.
LaTeX Info: Redefining \] on input line 2667.
)
\dlf@STACK=\toks36
\MathIndentLength=\skip58

(/usr/local/texlive/2011/texmf-dist/tex/latex/amsfonts/amssymb.sty
Package: amssymb 2009/06/22 v3.00

(/usr/local/texlive/2011/texmf-dist/tex/latex/amsfonts/amsfonts.sty
Package: amsfonts 2009/06/22 v3.00 Basic AMSFonts support
\symAMSa=\mathgroup5
\symAMSb=\mathgroup6
LaTeX Font Info:    Overwriting math alphabet `\mathfrak' in version `bold'
(Font)                  U/euf/m/n --> U/euf/b/n on input line 96.
)))
(/usr/local/texlive/2011/texmf-dist/tex/latex/mnsymbol/MnSymbol.sty
Package: MnSymbol 2007/01/21 v1.4 support for the MnSymbol font

(/usr/local/texlive/2011/texmf-dist/tex/latex/base/textcomp.sty
Package: textcomp 2005/09/27 v1.99g Standard LaTeX package
Package textcomp Info: Sub-encoding information:
(textcomp)               5 = only ISO-Adobe without \textcurrency
(textcomp)               4 = 5 + \texteuro
(textcomp)               3 = 4 + \textohm
(textcomp)               2 = 3 + \textestimated + \textcurrency
(textcomp)               1 = TS1 - \textcircled - \t
(textcomp)               0 = TS1 (full)
(textcomp)             Font families with sub-encoding setting implement
(textcomp)             only a restricted character set as indicated.
(textcomp)             Family '?' is the default used for unknown fonts.
(textcomp)             See the documentation for details.
Package textcomp Info: Setting ? sub-encoding to TS1/1 on input line 71.

(/usr/local/texlive/2011/texmf-dist/tex/latex/base/ts1enc.def
File: ts1enc.def 2001/06/05 v3.0e (jk/car/fm) Standard LaTeX file
)
LaTeX Info: Redefining \oldstylenums on input line 266.
Package textcomp Info: Setting cmr sub-encoding to TS1/0 on input line 281.
Package textcomp Info: Setting cmss sub-encoding to TS1/0 on input line 282.
Package textcomp Info: Setting cmtt sub-encoding to TS1/0 on input line 283.
Package textcomp Info: Setting cmvtt sub-encoding to TS1/0 on input line 284.
Package textcomp Info: Setting cmbr sub-encoding to TS1/0 on input line 285.
Package textcomp Info: Setting cmtl sub-encoding to TS1/0 on input line 286.
Package textcomp Info: Setting ccr sub-encoding to TS1/0 on input line 287.
Package textcomp Info: Setting ptm sub-encoding to TS1/4 on input line 288.
Package textcomp Info: Setting pcr sub-encoding to TS1/4 on input line 289.
Package textcomp Info: Setting phv sub-encoding to TS1/4 on input line 290.
Package textcomp Info: Setting ppl sub-encoding to TS1/3 on input line 291.
Package textcomp Info: Setting pag sub-encoding to TS1/4 on input line 292.
Package textcomp Info: Setting pbk sub-encoding to TS1/4 on input line 293.
Package textcomp Info: Setting pnc sub-encoding to TS1/4 on input line 294.
Package textcomp Info: Setting pzc sub-encoding to TS1/4 on input line 295.
Package textcomp Info: Setting bch sub-encoding to TS1/4 on input line 296.
Package textcomp Info: Setting put sub-encoding to TS1/5 on input line 297.
Package textcomp Info: Setting uag sub-encoding to TS1/5 on input line 298.
Package textcomp Info: Setting ugq sub-encoding to TS1/5 on input line 299.
Package textcomp Info: Setting ul8 sub-encoding to TS1/4 on input line 300.
Package textcomp Info: Setting ul9 sub-encoding to TS1/4 on input line 301.
Package textcomp Info: Setting augie sub-encoding to TS1/5 on input line 302.
Package textcomp Info: Setting dayrom sub-encoding to TS1/3 on input line 303.
Package textcomp Info: Setting dayroms sub-encoding to TS1/3 on input line 304.

Package textcomp Info: Setting pxr sub-encoding to TS1/0 on input line 305.
Package textcomp Info: Setting pxss sub-encoding to TS1/0 on input line 306.
Package textcomp Info: Setting pxtt sub-encoding to TS1/0 on input line 307.
Package textcomp Info: Setting txr sub-encoding to TS1/0 on input line 308.
Package textcomp Info: Setting txss sub-encoding to TS1/0 on input line 309.
Package textcomp Info: Setting txtt sub-encoding to TS1/0 on input line 310.
Package textcomp Info: Setting futs sub-encoding to TS1/4 on input line 311.
Package textcomp Info: Setting futx sub-encoding to TS1/4 on input line 312.
Package textcomp Info: Setting futj sub-encoding to TS1/4 on input line 313.
Package textcomp Info: Setting hlh sub-encoding to TS1/3 on input line 314.
Package textcomp Info: Setting hls sub-encoding to TS1/3 on input line 315.
Package textcomp Info: Setting hlst sub-encoding to TS1/3 on input line 316.
Package textcomp Info: Setting hlct sub-encoding to TS1/5 on input line 317.
Package textcomp Info: Setting hlx sub-encoding to TS1/5 on input line 318.
Package textcomp Info: Setting hlce sub-encoding to TS1/5 on input line 319.
Package textcomp Info: Setting hlcn sub-encoding to TS1/5 on input line 320.
Package textcomp Info: Setting hlcw sub-encoding to TS1/5 on input line 321.
Package textcomp Info: Setting hlcf sub-encoding to TS1/5 on input line 322.
Package textcomp Info: Setting pplx sub-encoding to TS1/3 on input line 323.
Package textcomp Info: Setting pplj sub-encoding to TS1/3 on input line 324.
Package textcomp Info: Setting ptmx sub-encoding to TS1/4 on input line 325.
Package textcomp Info: Setting ptmj sub-encoding to TS1/4 on input line 326.
)
LaTeX Info: Redefining \dagger on input line 84.
LaTeX Info: Redefining \ddagger on input line 84.
LaTeX Info: Redefining \mathparagraph on input line 84.
LaTeX Info: Redefining \mathsection on input line 84.
LaTeX Info: Redefining \mathdollar on input line 84.
LaTeX Info: Redefining \mathsterling on input line 84.
LaTeX Info: Redefining \yen on input line 84.
LaTeX Info: Redefining \circledR on input line 84.
LaTeX Info: Redefining \circledS on input line 84.
LaTeX Info: Redefining \Re on input line 84.
LaTeX Info: Redefining \Im on input line 84.
LaTeX Info: Redefining \dotplus on input line 84.
LaTeX Info: Redefining \thicksim on input line 84.
LaTeX Info: Redefining \thickapprox on input line 84.
LaTeX Info: Redefining \veebar on input line 84.
LaTeX Info: Redefining \barwedge on input line 84.
LaTeX Info: Redefining \doublebarwedge on input line 84.
LaTeX Info: Redefining \centerdot on input line 84.
LaTeX Info: Redefining \divideontimes on input line 84.
\symMnSyA=\mathgroup7
\symMnSyB=\mathgroup8
\symMnSyC=\mathgroup9
\symMnSyD=\mathgroup10
LaTeX Font Info:    Redeclaring symbol font `largesymbols' on input line 119.
LaTeX Font Info:    Overwriting symbol font `largesymbols' in version `normal'
(Font)                  OMX/cmex/m/n --> OMX/MnSymbolE/m/n on input line 119.
LaTeX Font Info:    Overwriting symbol font `largesymbols' in version `bold'
(Font)                  OMX/cmex/m/n --> OMX/MnSymbolE/m/n on input line 119.
LaTeX Font Info:    Redeclaring symbol font `symbols' on input line 120.
LaTeX Font Info:    Encoding `OMS' has changed to `U' for symbol font
(Font)              `symbols' in the math version `normal' on input line 120.
LaTeX Font Info:    Overwriting symbol font `symbols' in version `normal'
(Font)                  OMS/cmsy/m/n --> U/MnSymbolF/m/n on input line 120.
LaTeX Font Info:    Encoding `OMS' has changed to `U' for symbol font
(Font)              `symbols' in the math version `bold' on input line 120.
LaTeX Font Info:    Overwriting symbol font `symbols' in version `bold'
(Font)                  OMS/cmsy/b/n --> U/MnSymbolF/m/n on input line 120.
LaTeX Font Info:    Overwriting symbol font `MnSyA' in version `bold'
(Font)                  U/MnSymbolA/m/n --> U/MnSymbolA/b/n on input line 121.
LaTeX Font Info:    Overwriting symbol font `MnSyB' in version `bold'
(Font)                  U/MnSymbolB/m/n --> U/MnSymbolB/b/n on input line 122.
LaTeX Font Info:    Overwriting symbol font `MnSyC' in version `bold'
(Font)                  U/MnSymbolC/m/n --> U/MnSymbolC/b/n on input line 123.
LaTeX Font Info:    Overwriting symbol font `MnSyD' in version `bold'
(Font)                  U/MnSymbolD/m/n --> U/MnSymbolD/b/n on input line 124.
LaTeX Font Info:    Overwriting symbol font `largesymbols' in version `bold'
(Font)                  OMX/MnSymbolE/m/n --> OMX/MnSymbolE/b/n on input line 1
25.
LaTeX Font Info:    Overwriting symbol font `symbols' in version `bold'
(Font)                  U/MnSymbolF/m/n --> U/MnSymbolF/b/n on input line 126.
LaTeX Font Info:    Redeclaring math alphabet \mathcal on input line 241.
LaTeX Font Info:    Overwriting math alphabet `\mathcal' in version `bold'
(Font)                  OMS/MnSymbolS/m/n --> OMS/MnSymbolS/b/n on input line 2
41.
LaTeX Info: Redefining \longrightarrow on input line 548.
LaTeX Info: Redefining \longleftarrow on input line 549.
LaTeX Info: Redefining \longleftrightarrow on input line 550.
LaTeX Info: Redefining \Longrightarrow on input line 551.
LaTeX Info: Redefining \Longleftarrow on input line 552.
LaTeX Info: Redefining \Longleftrightarrow on input line 553.
LaTeX Info: Redefining \longmapsto on input line 554.
LaTeX Info: Redefining \vdots on input line 868.
LaTeX Font Info:    Redeclaring math symbol \braceld on input line 1721.
LaTeX Font Info:    Redeclaring math symbol \bracelu on input line 1722.
LaTeX Font Info:    Redeclaring math symbol \bracerd on input line 1723.
LaTeX Font Info:    Redeclaring math symbol \braceru on input line 1724.
LaTeX Info: Redefining \downbracefill on input line 1799.
LaTeX Info: Redefining \upbracefill on input line 1800.
LaTeX Info: Redefining \overbrace on input line 1819.
LaTeX Info: Redefining \underbrace on input line 1820.
LaTeX Info: Redefining \surd on input line 1843.
LaTeX Font Info:    Redeclaring math accent \widehat on input line 1845.
LaTeX Font Info:    Redeclaring math accent \widetilde on input line 1846.
LaTeX Font Info:    Redeclaring math accent \vec on input line 1848.
)
(/usr/local/texlive/2011/texmf-dist/tex/latex/amscls/amsthm.sty
Package: amsthm 2009/07/02 v2.20.1
\thm@style=\toks37
\thm@bodyfont=\toks38
\thm@headfont=\toks39
\thm@notefont=\toks40
\thm@headpunct=\toks41
\thm@preskip=\skip59
\thm@postskip=\skip60
\thm@headsep=\skip61
\dth@everypar=\toks42
)
(/usr/local/texlive/2011/texmf-dist/tex/latex/amsmath/amscd.sty
Package: amscd 1999/11/29 v1.2d
\athelp@=\toks43
\minaw@=\dimen198
\bigaw@=\dimen199
\minCDarrowwidth=\dimen200
)
(/usr/local/texlive/2011/texmf-dist/tex/latex/base/makeidx.sty
Package: makeidx 2000/03/29 v1.0m Standard LaTeX package
)
(/usr/local/texlive/2011/texmf-dist/tex/latex/fancyhdr/fancyhdr.sty
\fancy@headwidth=\skip62
\f@ncyO@elh=\skip63
\f@ncyO@erh=\skip64
\f@ncyO@olh=\skip65
\f@ncyO@orh=\skip66
\f@ncyO@elf=\skip67
\f@ncyO@erf=\skip68
\f@ncyO@olf=\skip69
\f@ncyO@orf=\skip70
)
\c@defin=\count150
\c@teo=\count151
\c@cor=\count152
\c@lemma=\count153
\c@prop=\count154
\c@esem=\count155
\c@eser=\count156
\c@oss=\count157
\c@defins=\count158
\c@teos=\count159
\c@cors=\count160
\c@lemmas=\count161
\c@props=\count162
\c@esems=\count163
\c@esers=\count164
\c@osss=\count165
\c@definss=\count166
\c@teoss=\count167
\c@corss=\count168
\c@lemmass=\count169
\c@propss=\count170
\c@esemss=\count171
\c@eserss=\count172
\c@ossss=\count173
\@indexfile=\write6
\openout6 = `CDAcompleto.idx'.


Writing index file CDAcompleto.idx
No file CDAcompleto.aux.
\openout1 = `CDAcompleto.aux'.

LaTeX Font Info:    Checking defaults for OML/cmm/m/it on input line 214.
LaTeX Font Info:    ... okay on input line 214.
LaTeX Font Info:    Checking defaults for T1/cmr/m/n on input line 214.
LaTeX Font Info:    ... okay on input line 214.
LaTeX Font Info:    Checking defaults for OT1/cmr/m/n on input line 214.
LaTeX Font Info:    ... okay on input line 214.
LaTeX Font Info:    Checking defaults for OMS/cmsy/m/n on input line 214.
LaTeX Font Info:    ... okay on input line 214.
LaTeX Font Info:    Checking defaults for OMX/cmex/m/n on input line 214.
LaTeX Font Info:    ... okay on input line 214.
LaTeX Font Info:    Checking defaults for U/cmr/m/n on input line 214.
LaTeX Font Info:    ... okay on input line 214.
LaTeX Font Info:    Checking defaults for PD1/pdf/m/n on input line 214.
LaTeX Font Info:    ... okay on input line 214.
LaTeX Font Info:    Checking defaults for TS1/cmr/m/n on input line 214.
LaTeX Font Info:    Try loading font information for TS1+cmr on input line 214.

(/usr/local/texlive/2011/texmf-dist/tex/latex/base/ts1cmr.fd
File: ts1cmr.fd 1999/05/25 v2.5h Standard LaTeX font definitions
)
LaTeX Font Info:    ... okay on input line 214.
\AtBeginShipoutBox=\box75
Package hyperref Info: Link coloring ON on input line 214.

(/usr/local/texlive/2011/texmf-dist/tex/latex/hyperref/nameref.sty
Package: nameref 2010/04/30 v2.40 Cross-referencing by name of section

(/usr/local/texlive/2011/texmf-dist/tex/generic/oberdiek/gettitlestring.sty
Package: gettitlestring 2010/12/03 v1.4 Cleanup title references (HO)
)
\c@section@level=\count174
)
LaTeX Info: Redefining \ref on input line 214.
LaTeX Info: Redefining \pageref on input line 214.
LaTeX Info: Redefining \nameref on input line 214.
\@outlinefile=\write7
\openout7 = `CDAcompleto.out'.


*geometry* driver: auto-detecting
*geometry* detected driver: pdftex
*geometry* verbose mode - [ preamble ] result:
* driver: pdftex
* paper: custom
* layout: <same size as paper>
* layoutoffset:(h,v)=(0.0pt,0.0pt)
* hratio: 1:1
* vratio: 1:1
* modes: twoside 
* h-part:(L,W,R)=(56.9055pt, 369.88582pt, 56.90552pt)
* v-part:(T,H,B)=(56.9055pt, 569.05511pt, 56.90552pt)
* \paperwidth=483.69684pt
* \paperheight=682.86613pt
* \textwidth=369.88582pt
* \textheight=569.05511pt
* \oddsidemargin=-15.36449pt
* \evensidemargin=-15.36447pt
* \topmargin=-47.23828pt
* \headheight=32.0pt
* \headsep=19.8738pt
* \topskip=11.0pt
* \footskip=27.46295pt
* \marginparwidth=106.0pt
* \marginparsep=7.0pt
* \columnsep=10.0pt
* \skip\footins=10.0pt plus 4.0pt minus 2.0pt
* \hoffset=0.0pt
* \voffset=0.0pt
* \mag=1000
* \@twocolumnfalse
* \@twosidetrue
* \@mparswitchtrue
* \@reversemarginfalse
* (1in=72.27pt=25.4mm, 1cm=28.453pt)

(/usr/local/texlive/2011/texmf-dist/tex/context/base/supp-pdf.mkii
[Loading MPS to PDF converter (version 2006.09.02).]
\scratchcounter=\count175
\scratchdimen=\dimen201
\scratchbox=\box76
\nofMPsegments=\count176
\nofMParguments=\count177
\everyMPshowfont=\toks44
\MPscratchCnt=\count178
\MPscratchDim=\dimen202
\MPnumerator=\count179
\makeMPintoPDFobject=\count180
\everyMPtoPDFconversion=\toks45
) (/usr/local/texlive/2011/texmf-dist/tex/latex/oberdiek/epstopdf-base.sty
Package: epstopdf-base 2010/02/09 v2.5 Base part for package epstopdf

(/usr/local/texlive/2011/texmf-dist/tex/latex/oberdiek/grfext.sty
Package: grfext 2010/08/19 v1.1 Managing graphics extensions (HO)
)
Package grfext Info: Graphics extension search list:
(grfext)             [.png,.pdf,.jpg,.mps,.jpeg,.jbig2,.jb2,.PNG,.PDF,.JPG,.JPE
G,.JBIG2,.JB2,.eps]
(grfext)             \AppendGraphicsExtensions on input line 452.

(/usr/local/texlive/2011/texmf-dist/tex/latex/latexconfig/epstopdf-sys.cfg
File: epstopdf-sys.cfg 2010/07/13 v1.3 Configuration of (r)epstopdf for TeX Liv
e
))
ABD: EveryShipout initializing macros
<copertina.jpg, id=7, 497.60907pt x 703.87968pt>
File: copertina.jpg Graphic file (type jpg)
 <use copertina.jpg>
Package pdftex.def Info: copertina.jpg used on input line 218.
(pdftex.def)             Requested size: 483.70526pt x 682.85913pt.
 [1

 <./copertina.jpg>] [2{/usr/local/texlive/2011/texmf-var/fonts/map/pdftex/updma
p/pdftex.map}

]
LaTeX Font Info:    Try loading font information for U+rsfs on input line 220.
 (/usr/local/texlive/2011/texmf-dist/tex/latex/jknapltx/ursfs.fd
File: ursfs.fd 1998/03/24 rsfs font definition file (jk)
)
LaTeX Font Info:    Try loading font information for U+msa on input line 220.

(/usr/local/texlive/2011/texmf-dist/tex/latex/amsfonts/umsa.fd
File: umsa.fd 2009/06/22 v3.00 AMS symbols A
)
LaTeX Font Info:    Try loading font information for U+msb on input line 220.

(/usr/local/texlive/2011/texmf-dist/tex/latex/amsfonts/umsb.fd
File: umsb.fd 2009/06/22 v3.00 AMS symbols B
)pdfTeX warning (ext4): destination with the same identifier (name{page.1}) has
 been already used, duplicate ignored
<to be read again> 
                   \relax 
l.220 \newpage
               [1]pdfTeX warning (ext4): destination with the same identifier (
name{page.2}) has been already used, duplicate ignored
<to be read again> 
                   \relax 
l.223 \newpage
               [2]
\tf@toc=\write8
\openout8 = `CDAcompleto.toc'.

 [1

] [2] [3]
Capitolo 1.

LaTeX Font Warning: Font shape `T1/cmr/m/n' in size <19.15733> not available
(Font)              size <20.74> substituted on input line 233.


LaTeX Font Warning: Font shape `T1/cmr/m/n' in size <25.69969> not available
(Font)              size <24.88> substituted on input line 233.

LaTeX Font Info:    Try loading font information for U+euf on input line 241.
(/usr/local/texlive/2011/texmf-dist/tex/latex/amsfonts/ueuf.fd
File: ueuf.fd 2009/06/22 v3.00 Euler Fraktur
)pdfTeX warning (ext4): destination with the same identifier (name{page.1}) has
 been already used, duplicate ignored
<to be read again> 
                   \relax 
l.269 \end{defins}
                   [1

]
Underfull \hbox (badness 10000) in paragraph at lines 302--313

 []


LaTeX Warning: Reference `condizionidianello' on page 2 undefined on input line
 318.

pdfTeX warning (ext4): destination with the same identifier (name{page.2}) has 
been already used, duplicate ignored
<to be read again> 
                   \relax 
l.332 \end{osss}
                 [2] [3]
Underfull \hbox (badness 10000) in paragraph at lines 403--408

 []

[4]
Underfull \hbox (badness 10000) in paragraph at lines 443--449

 []

[5]
Underfull \hbox (badness 10000) in paragraph at lines 498--501

 []

[6] [7] [8

]
Capitolo 2.

LaTeX Warning: Reference `rettangolo' on page 9 undefined on input line 590.

[9]

LaTeX Warning: Reference `rettangolo' on page 10 undefined on input line 598.


LaTeX Warning: Reference `intersezdirett' on page 10 undefined on input line 67
0.

[10] [11]
Underfull \hbox (badness 10000) in paragraph at lines 756--761

 []


LaTeX Warning: Reference `miscmisa' on page 12 undefined on input line 832.

[12]
Underfull \hbox (badness 10000) in paragraph at lines 848--854

 []


LaTeX Warning: `!h' float specifier changed to `!ht'.

[13]
Underfull \hbox (badness 10000) in paragraph at lines 963--967

 []


LaTeX Warning: Reference `defsubaddit' on page 14 undefined on input line 970.


LaTeX Warning: Reference `defmisuraest' on page 14 undefined on input line 972.



Underfull \hbox (badness 10000) in paragraph at lines 968--974

 []

[14] [15]
Underfull \hbox (badness 10000) in paragraph at lines 1059--1066

 []

<fig1.jpg, id=188, 454.69875pt x 278.54062pt>
File: fig1.jpg Graphic file (type jpg)
 <use fig1.jpg>
Package pdftex.def Info: fig1.jpg used on input line 1070.
(pdftex.def)             Requested size: 85.35294pt x 48.36707pt.


LaTeX Warning: Reference `minugusom' on page 16 undefined on input line 1073.


LaTeX Warning: Reference `lemmaompmisemis' on page 16 undefined on input line 1
084.

[16 <./fig1.jpg>]
Underfull \hbox (badness 10000) in paragraph at lines 1118--1124

 []

<fig2.jpg, id=195, 454.69875pt x 278.54062pt>
File: fig2.jpg Graphic file (type jpg)
 <use fig2.jpg>
Package pdftex.def Info: fig2.jpg used on input line 1127.
(pdftex.def)             Requested size: 85.35294pt x 42.67607pt.


LaTeX Warning: Reference `valassmis' on page 17 undefined on input line 1137.


LaTeX Warning: Reference `propedeuticoam'(E)1' on page 17 undefined on input li
ne 1142.


LaTeX Warning: Reference `propedeuticoam'(E)2' on page 17 undefined on input li
ne 1142.


LaTeX Warning: Reference `propedeuticoam'(E)3' on page 17 undefined on input li
ne 1142.


LaTeX Warning: Reference `proprietàmisura' on page 17 undefined on input line 1
144.


LaTeX Warning: Reference `teouniintdifdifsimmisurabili' on page 17 undefined on
 input line 1150.


LaTeX Warning: Reference `valassmis' on page 17 undefined on input line 1156.

[17 <./fig2.jpg>]
Underfull \hbox (badness 10000) in paragraph at lines 1176--1182

 []


LaTeX Warning: Reference `lemmaompmisemis' on page 18 undefined on input line 1
214.


Underfull \hbox (badness 10000) in paragraph at lines 1218--1222

 []

[18]

LaTeX Warning: Reference `minugusom' on page 19 undefined on input line 1229.


LaTeX Warning: Reference `seriequellallà1' on page 19 undefined on input line 1
263.


LaTeX Warning: Reference `seriequellallà2' on page 19 undefined on input line 1
264.


LaTeX Warning: Reference `seriequellallà1' on page 19 undefined on input line 1
265.

[19]
Underfull \hbox (badness 10000) in paragraph at lines 1284--1296

 []


Underfull \hbox (badness 10000) in paragraph at lines 1301--1308

 []

[20]
Underfull \hbox (badness 10000) in paragraph at lines 1310--1313

 []


Underfull \hbox (badness 10000) in paragraph at lines 1322--1330

 []


LaTeX Warning: Reference `mistrasl' on page 21 undefined on input line 1334.

[21]

LaTeX Warning: Reference `completezzadimu' on page 22 undefined on input line 1
338.

[22]

LaTeX Warning: Reference `figuraillimit' on page 23 undefined on input line 142
3.


LaTeX Warning: `!h' float specifier changed to `!ht'.


LaTeX Warning: Reference `defmisill' on page 23 undefined on input line 1454.

[23]

LaTeX Warning: Reference `mu(A')=0' on page 24 undefined on input line 1480.

[24] [25] [26

]
Capitolo 3.
[27]

LaTeX Warning: Reference `m(A1menoA2)' on page 28 undefined on input line 1546.



LaTeX Warning: Reference `m(A_2menoA_1)' on page 28 undefined on input line 154
6.


LaTeX Warning: Reference `m(A1unioneA2)' on page 28 undefined on input line 154
7.


LaTeX Warning: Reference `intersezdirett' on page 28 undefined on input line 15
55.


LaTeX Warning: Reference `defmisura' on page 28 undefined on input line 1556.


Underfull \hbox (badness 10000) in paragraph at lines 1568--1576

 []


LaTeX Warning: Reference `prolungamento' on page 28 undefined on input line 159
2.


LaTeX Warning: Reference `costruzionem'' on page 28 undefined on input line 159
3.

[28]

LaTeX Warning: Reference `proprietàmisura' on page 29 undefined on input line 1
604.


LaTeX Warning: Reference `m'unione<=sommam'' on page 29 undefined on input line
 1618.


LaTeX Warning: Reference `m'A<=m'unione' on page 29 undefined on input line 161
8.


Underfull \hbox (badness 10000) in paragraph at lines 1639--1646

 []

[29]

LaTeX Warning: Reference `mAj' on page 30 undefined on input line 1668.


LaTeX Warning: Reference `mBnk' on page 30 undefined on input line 1668.


LaTeX Warning: Reference `m'A' on page 30 undefined on input line 1668.


LaTeX Warning: Reference `m'Bn' on page 30 undefined on input line 1668.

[30]

LaTeX Warning: Reference `semiesupadditività' on page 31 undefined on input lin
e 1691.


LaTeX Warning: Reference `sigmasemisupadditività' on page 31 undefined on input
 line 1701.


LaTeX Warning: Reference `sigmasemisupadditività' on page 31 undefined on input
 line 1704.


Underfull \hbox (badness 10000) in paragraph at lines 1701--1707

 []


LaTeX Warning: Reference `sigmasemisupadditività' on page 31 undefined on input
 line 1714.


LaTeX Warning: Reference `sigmasupadditività' on page 31 undefined on input lin
e 1718.


LaTeX Warning: Reference `sigmasemiadditività' on page 31 undefined on input li
ne 1718.

[31]

LaTeX Warning: Reference `completezzadimu' on page 32 undefined on input line 1
758.


Package hyperref Warning: Token not allowed in a PDF string (PDFDocEncoding):
(hyperref)                removing `math shift' on input line 1780.


Package hyperref Warning: Token not allowed in a PDF string (PDFDocEncoding):
(hyperref)                removing `superscript' on input line 1780.


Package hyperref Warning: Token not allowed in a PDF string (PDFDocEncoding):
(hyperref)                removing `math shift' on input line 1780.


LaTeX Warning: Reference `PJL' on page 32 undefined on input line 1784.

[32] <cantor.png, id=340, 731.73375pt x 118.4425pt>
File: cantor.png Graphic file (type png)
 <use cantor.png>
Package pdftex.def Info: cantor.png used on input line 1805.
(pdftex.def)             Requested size: 369.88582pt x 59.87172pt.
 [33 <./cantor.png>] [34] <cantorvitali.jpg, id=358, 211.54031pt x 204.765pt>
File: cantorvitali.jpg Graphic file (type jpg)

<use cantorvitali.jpg>
Package pdftex.def Info: cantorvitali.jpg used on input line 1864.
(pdftex.def)             Requested size: 184.9429pt x 179.02519pt.
 [35 <./cantorvitali.jpg>] [36]

LaTeX Warning: Reference `primadefdimis' on page 37 undefined on input line 194
8.


LaTeX Warning: Reference `secondadefdimis' on page 37 undefined on input line 1
948.


LaTeX Warning: Reference `primadefdimis' on page 37 undefined on input line 195
0.


Underfull \hbox (badness 10000) in paragraph at lines 1948--1955

 []


LaTeX Warning: Reference `secondadefdimis' on page 37 undefined on input line 1
962.


LaTeX Warning: Reference `secondadefdimis' on page 37 undefined on input line 1
963.


LaTeX Warning: Reference `primadefdimis' on page 37 undefined on input line 197
4.

[37]
Underfull \hbox (badness 10000) in paragraph at lines 1999--2005

 []

[38] [39] [40

]
Capitolo 4.

LaTeX Warning: Reference `misurasusigmaalgebra' on page 41 undefined on input l
ine 2052.


Underfull \hbox (badness 10000) in paragraph at lines 2062--2070

 []


Underfull \hbox (badness 10000) in paragraph at lines 2075--2081

 []

[41]

LaTeX Warning: Reference `lemmtess' on page 42 undefined on input line 2096.


Underfull \hbox (badness 10000) in paragraph at lines 2092--2097

 []


Underfull \hbox (badness 10000) in paragraph at lines 2109--2118

 []


LaTeX Warning: Reference `lemmtess' on page 42 undefined on input line 2122.


Underfull \hbox (badness 10000) in paragraph at lines 2129--2132

 []

[42]

LaTeX Warning: Reference `critmis' on page 43 undefined on input line 2134.


LaTeX Warning: Reference `critmis' on page 43 undefined on input line 2138.


Underfull \hbox (badness 10000) in paragraph at lines 2133--2141

 []


LaTeX Warning: Reference `eqpazz' on page 43 undefined on input line 2152.


Underfull \hbox (badness 10000) in paragraph at lines 2151--2154

 []


LaTeX Warning: Reference `compfnzcontmis' on page 43 undefined on input line 21
59.


LaTeX Warning: Reference `idpol' on page 43 undefined on input line 2161.


Underfull \hbox (badness 10000) in paragraph at lines 2158--2162

 []

[43]

LaTeX Warning: Reference `c > 0' on page 44 undefined on input line 2177.


LaTeX Warning: Reference `c = 0' on page 44 undefined on input line 2177.


LaTeX Warning: Reference `c < 0' on page 44 undefined on input line 2177.


LaTeX Warning: Reference `critmis' on page 44 undefined on input line 2177.


Underfull \hbox (badness 10000) in paragraph at lines 2176--2179

 []


LaTeX Warning: Reference `q.o.' on page 44 undefined on input line 2202.


LaTeX Warning: Reference `equiv' on page 44 undefined on input line 2202.


LaTeX Warning: Reference `insnummisnulla' on page 44 undefined on input line 22
15.

[44]

LaTeX Warning: Reference `eqequiv' on page 45 undefined on input line 2231.


Underfull \hbox (badness 10000) in paragraph at lines 2250--2252

 []


LaTeX Warning: Reference `critmis' on page 45 undefined on input line 2255.


LaTeX Warning: Reference `misnulla' on page 45 undefined on input line 2255.


Underfull \hbox (badness 10000) in paragraph at lines 2254--2256

 []

[45]
Underfull \hbox (badness 10000) in paragraph at lines 2264--2268

 []


LaTeX Warning: Reference `eqlim' on page 46 undefined on input line 2277.


LaTeX Warning: Reference `critmis' on page 46 undefined on input line 2277.


LaTeX Warning: Reference `limfnzmis' on page 46 undefined on input line 2293.


LaTeX Warning: Reference `misnulla' on page 46 undefined on input line 2293.


Underfull \hbox (badness 10000) in paragraph at lines 2291--2295

 []


Underfull \hbox (badness 10000) in paragraph at lines 2300--2307

 []

[46]

LaTeX Warning: Reference `catasc1' on page 47 undefined on input line 2331.


LaTeX Warning: Reference `catasc2' on page 47 undefined on input line 2335.


LaTeX Warning: Reference `mis=0' on page 47 undefined on input line 2343.

[47]
Underfull \hbox (badness 10000) in paragraph at lines 2382--2386

 []

[48]

LaTeX Warning: Reference `muf-g=0' on page 49 undefined on input line 2401.


LaTeX Warning: Reference `fdiversog' on page 49 undefined on input line 2401.


Underfull \hbox (badness 10000) in paragraph at lines 2419--2421

 []

[49]

LaTeX Warning: Reference `misuraM' on page 50 undefined on input line 2440.


LaTeX Warning: Reference `qoimplicamis' on page 50 undefined on input line 2460
.


Underfull \hbox (badness 10000) in paragraph at lines 2462--2467

 []

[50]

LaTeX Warning: Reference `muM=0' on page 51 undefined on input line 2497.


LaTeX Warning: Reference `muRn' on page 51 undefined on input line 2497.

[51] [52

]
Capitolo 5.
[53]

LaTeX Warning: Reference `lemmtess' on page 54 undefined on input line 2554.


LaTeX Warning: Reference `limfnzmis' on page 54 undefined on input line 2576.


Underfull \hbox (badness 10000) in paragraph at lines 2572--2578

 []

[54]

LaTeX Warning: Reference `serieintlebesgue' on page 55 undefined on input line 
2607.


LaTeX Warning: Reference `serieintlebesgue' on page 55 undefined on input line 
2613.


LaTeX Warning: Reference `serieintlebesgue' on page 55 undefined on input line 
2617.


Underfull \hbox (badness 10000) in paragraph at lines 2620--2625

 []

[55]

LaTeX Warning: Reference `intdilebesguefunzqualsiasi' on page 56 undefined on i
nput line 2657.


LaTeX Warning: Reference `intdilebesguefunzqualsiasi' on page 56 undefined on i
nput line 2666.


LaTeX Warning: Reference `intdilebesguefunzqualsiasi' on page 56 undefined on i
nput line 2677.

[56]
Overfull \hbox (21.75179pt too wide) in paragraph at lines 2724--2726
[]\T1/cmr/m/n/10.95 Siano dap-pri-ma $\OML/cmm/m/it/10.95 f$ \T1/cmr/m/n/10.95 
e $\OML/cmm/m/it/10.95 g$ \T1/cmr/m/n/10.95 sem-pli-ci, $\OML/cmm/m/it/10.95 f\
OMX/MnSymbolE/m/n/10.95 \OML/cmm/m/it/10.95 x\OMX/MnSymbolE/m/n/10.95  \U/MnS
ymbolD/m/n/10.95 ^^@ [][] \OML/cmm/m/it/10.95 [][][]\OMX/MnSymbolE/m/n/10.95 
\OML/cmm/m/it/10.95 x\OMX/MnSymbolE/m/n/10.95 $\T1/cmr/m/n/10.95 , $\OML/cmm/m
/it/10.95 g\OMX/MnSymbolE/m/n/10.95 \OML/cmm/m/it/10.95 x\OMX/MnSymbolE/m/n/10
.95  \U/MnSymbolD/m/n/10.95 ^^@ [][] \OML/cmm/m/it/10.95 ^^L[][][]\OMX/MnSymbo
lE/m/n/10.95 \OML/cmm/m/it/10.95 x\OMX/MnSymbolE/m/n/10.95 $\T1/cmr/m/n/10.95
 ,
 []


Underfull \hbox (badness 10000) in paragraph at lines 2735--2740

 []

[57]

LaTeX Warning: Reference `succfunzsempmis' on page 58 undefined on input line 2
773.

[58]
Underfull \hbox (badness 10000) in paragraph at lines 2818--2821

 []

[59]
Underfull \hbox (badness 10000) in paragraph at lines 2856--2858

 []


Overfull \hbox (2.5429pt too wide) detected at line 2866
[] [][] \OML/cmm/m/it/10.95 f\OMX/MnSymbolE/m/n/10.95 \OML/cmm/m/it/10.95 x\OM
X/MnSymbolE/m/n/10.95 \OML/cmm/m/it/10.95 d^^V[] \U/MnSymbolD/m/n/10.95 ^^@ []
 [] [][] \OML/cmm/m/it/10.95 f\OMX/MnSymbolE/m/n/10.95 \OML/cmm/m/it/10.95 x\O
MX/MnSymbolE/m/n/10.95 \OML/cmm/m/it/10.95 d^^V[] \U/MnSymbolD/m/n/10.95 B [] 
[][] \OMX/MnSymbolE/m/n/10.95 S\OML/cmm/m/it/10.95 f\OMX/MnSymbolE/m/n/10.95 \
OML/cmm/m/it/10.95 x\OMX/MnSymbolE/m/n/10.95 S\OML/cmm/m/it/10.95 d^^V \U/MnSy
mbolD/m/n/10.95 ^^@ [][]  \OMX/MnSymbolE/m/n/10.95 S \OML/cmm/m/it/10.95 f\OMX/
MnSymbolE/m/n/10.95 \OML/cmm/m/it/10.95 x\OMX/MnSymbolE/m/n/10.95 S\OML/cmm/m
/it/10.95 d^^V:
 []

[60]
Underfull \hbox (badness 10000) in paragraph at lines 2877--2879

 []


Underfull \hbox (badness 10000) in paragraph at lines 2879--2885

 []

[61]
Underfull \hbox (badness 10000) in paragraph at lines 2917--2923

 []

[62]
Underfull \hbox (badness 10000) in paragraph at lines 2981--2986

 []

[63]
Underfull \hbox (badness 10000) in paragraph at lines 3030--3039

 []

[64]
Underfull \hbox (badness 10000) in paragraph at lines 3082--3086

 []

[65] [66] [67]

LaTeX Warning: Reference `perassolutacontinuità' on page 68 undefined on input 
line 3189.


LaTeX Warning: Reference `perteodiegorov' on page 68 undefined on input line 31
89.

[68]

LaTeX Warning: Reference `decrescenza' on page 69 undefined on input line 3239.



LaTeX Warning: Reference `inclusioni' on page 69 undefined on input line 3244.


LaTeX Font Warning: Command \Large invalid in math mode on input line 3256.


LaTeX Warning: Reference `decrescenza' on page 69 undefined on input line 3275.



LaTeX Warning: Reference `decrescenza' on page 69 undefined on input line 3280.


[69] [70] [71]
Underfull \hbox (badness 10000) in paragraph at lines 3398--3405

 []

[72] [73]
Underfull \hbox (badness 10000) in paragraph at lines 3484--3492

 []

[74]
Overfull \hbox (13.20276pt too wide) in paragraph at lines 3511--3516
\T1/cmr/m/n/10.95 scen-te e non de-cre-scen-te, e per-tan-to val-go-no qua-si o
vun-que i li-mi-ti $[][] \OML/cmm/m/it/10.95 ^^^[]\OMX/MnSymbolE/m/n/10.95 \OM
L/cmm/m/it/10.95 x\OMX/MnSymbolE/m/n/10.95  \U/MnSymbolD/m/n/10.95 ^^@
 []

[75]
Overfull \hbox (2.25096pt too wide) in paragraph at lines 3629--3635
\T1/cmr/m/sc/10.95 Dimostrazione. Di-mo-stra-zio-ne. \T1/cmr/m/n/10.95 Es-sen-d
o $\OML/cmm/m/it/10.95 A$ \T1/cmr/m/n/10.95 mi-su-ra-bi-le, esi-ste $\OML/cmm/m
/it/10.95 C[] \U/MnSymbolD/m/n/10.95 ^^@ [][] \OT1/cmr/m/n/10.95 ^^A[]$
 []

[76] [77]

LaTeX Warning: Reference `costruzioneinsiemiB' on page 78 undefined on input li
ne 3692.


LaTeX Warning: Reference `costruzioneinsiemiB' on page 78 undefined on input li
ne 3711.


LaTeX Warning: Reference `costruzioneinsiemiB' on page 78 undefined on input li
ne 3718.

[78]

LaTeX Warning: Reference `misuraprodotto' on page 79 undefined on input line 37
46.

[79]

LaTeX Warning: Reference `misuraprodotto' on page 80 undefined on input line 37
84.


Underfull \hbox (badness 10000) in paragraph at lines 3807--3813

 []

[80] [81] [82] [83] [84

]
Capitolo 6.
[85]
\openout3 = `CDAcompleto-1.asy'.



Package asymptote Warning: file `CDAcompleto-1.pdf' not found on input line 398
1.


LaTeX Warning: Reference `eq1' on page 86 undefined on input line 3998.


LaTeX Warning: Reference `eq2' on page 86 undefined on input line 3998.

[86]

LaTeX Warning: Reference `eq4' on page 87 undefined on input line 4017.


LaTeX Warning: Reference `eq3' on page 87 undefined on input line 4030.


LaTeX Warning: Reference `eq5' on page 87 undefined on input line 4030.


LaTeX Font Warning: Command \Large invalid in math mode on input line 4050.

[87]

LaTeX Warning: Reference `intfunzsempl' on page 88 undefined on input line 4060
.


LaTeX Warning: Reference `defAnm' on page 88 undefined on input line 4060.

[88]
Capitolo 7.
[89

]

LaTeX Warning: Reference `defintriemannmia' on page 90 undefined on input line 
4103.


Underfull \hbox (badness 10000) in paragraph at lines 4098--4104

 []


LaTeX Warning: Reference `condintriemannmia' on page 90 undefined on input line
 4108.


LaTeX Warning: `!h' float specifier changed to `!ht'.

[90]

LaTeX Warning: `!h' float specifier changed to `!ht'.


Overfull \hbox (0.33217pt too wide) detected at line 4166
\OML/cmm/m/it/10.95 U\OMX/MnSymbolE/m/n/10.95 \OT1/cmr/m/n/10.95 0\OML/cmm/m/i
t/10.95 ; \OT1/cmr/m/n/10.95 0\OML/cmm/m/it/10.95 ; h\OMX/MnSymbolE/m/n/10.95 
 \U/MnSymbolD/m/n/10.95 ^^@ [][] [] ^^@ [][] \OML/cmm/m/it/10.95 d# [][] [] \U/
MnSymbolD/m/n/10.95 ^^@ \OT1/cmr/m/n/10.95 2\OML/cmm/m/it/10.95 ^^Y"[]q\OMX/MnS
ymbolE/m/n/10.95 [] \U/MnSymbolC/m/n/10.95 ^^P \OMX/MnSymbolE/m/n/10.95 S\OML/
cmm/m/it/10.95 h\OMX/MnSymbolE/m/n/10.95 S\OML/cmm/m/it/10.95 :
 []

[91]
Underfull \vbox (badness 4673) has occurred while \output is active []

 [92]

LaTeX Warning: `!h' float specifier changed to `!ht'.

[93] [94]
Underfull \hbox (badness 10000) in paragraph at lines 4292--4297

 []


Overfull \hbox (7.19606pt too wide) in paragraph at lines 4292--4297
\T1/cmr/m/sc/10.95 Dimostrazione. \T1/cmr/m/n/10.95 Di-mo-stria-mo-lo nel ca-so
 di una su-per-fi-cie in $\U/msb/m/n/10.95 R[]$\T1/cmr/m/n/10.95 ; sia $\OML/cm
m/m/it/10.95 '\OMX/MnSymbolE/m/n/10.95 \OML/cmm/m/it/10.95 u[]; u[]\OMX/MnSymb
olE/m/n/10.95  \U/MnSymbolD/m/n/10.95 ^^@
 []


Package hyperref Warning: Token not allowed in a PDF string (PDFDocEncoding):
(hyperref)                removing `math shift' on input line 4338.


Package hyperref Warning: Token not allowed in a PDF string (PDFDocEncoding):
(hyperref)                removing `math shift' on input line 4338.

[95]
Overfull \hbox (2.46133pt too wide) in paragraph at lines 4365--4371
\T1/cmr/m/n/10.95 Tale ap-pli-ca-zio-ne è rap-pre-sen-ta-ta da una ma-tri-ce di
 que-sto ti-po: $[]$.
 []

[96]
Overfull \hbox (13.57382pt too wide) in paragraph at lines 4397--4400
\T1/cmr/m/n/10.95 per l'e-sat-tez-za da-ta la su-per-fi-cie $\OMX/MnSymbolE/m/n
/10.95 \OML/cmm/m/it/10.95 '; \OT1/cmr/m/n/10.95 ^^F\OMX/MnSymbolE/m/n/10.95 
$\T1/cmr/m/n/10.95 , con $\OML/cmm/m/it/10.95 '\OMX/MnSymbolE/m/n/10.95 \OML/c
mm/m/it/10.95 u; v\OMX/MnSymbolE/m/n/10.95  \U/MnSymbolD/m/n/10.95 ^^@ \OMX/Mn
SymbolE/m/n/10.95 \OML/cmm/m/it/10.95 '[]\OMX/MnSymbolE/m/n/10.95 \OML/cmm/m/
it/10.95 u; v\OMX/MnSymbolE/m/n/10.95 \OML/cmm/m/it/10.95 ; '[]\OMX/MnSymbolE/
m/n/10.95 \OML/cmm/m/it/10.95 u; v\OMX/MnSymbolE/m/n/10.95 \OML/cmm/m/it/10.9
5 ; '[]\OMX/MnSymbolE/m/n/10.95 \OML/cmm/m/it/10.95 u; v\OMX/MnSymbolE/m/n/10.
95 $
 []

[97]
Underfull \hbox (badness 10000) in paragraph at lines 4418--4423

 []

[98]
Underfull \hbox (badness 10000) in paragraph at lines 4443--4447

 []

[99] [100]
No file CDAcompleto.ind.
Package atveryend Info: Empty hook `BeforeClearDocument' on input line 4458.
Package atveryend Info: Empty hook `AfterLastShipout' on input line 4458.
(./CDAcompleto.aux)
Package atveryend Info: Executing hook `AtVeryEndDocument' on input line 4458.
Package atveryend Info: Executing hook `AtEndAfterFileList' on input line 4458.



Package rerunfilecheck Warning: File `CDAcompleto.out' has changed.
(rerunfilecheck)                Rerun to get outlines right
(rerunfilecheck)                or use package `bookmark'.

Package rerunfilecheck Info: Checksums for `CDAcompleto.out':
(rerunfilecheck)             Before: <no file>
(rerunfilecheck)             After:  D56F295D1347C74C063C91549CF5F1A8;2744.

LaTeX Font Warning: Size substitutions with differences
(Font)              up to 1.58267pt have occurred.


LaTeX Warning: There were undefined references.


LaTeX Warning: Label(s) may have changed. Rerun to get cross-references right.

Package atveryend Info: Empty hook `AtVeryVeryEnd' on input line 4458.
 ) 
Here is how much of TeX's memory you used:
 20587 strings out of 493633
 364928 string characters out of 3143378
 458371 words of memory out of 3000000
 23025 multiletter control sequences out of 15000+200000
 53153 words of font info for 160 fonts, out of 3000000 for 9000
 838 hyphenation exceptions out of 8191
 56i,15n,56p,436b,908s stack positions out of 5000i,500n,10000p,200000b,50000s
{/usr/local/texlive/2011/texmf-dist/fonts/enc/dvips/mnsymbol/MnSymbolD.enc}{/
usr/local/texlive/2011/texmf-dist/fonts/enc/dvips/mnsymbol/MnSymbolE.enc}{/usr/
local/texlive/2011/texmf-dist/fonts/enc/dvips/mnsymbol/MnSymbolF.enc}{/usr/loca
l/texlive/2011/texmf-dist/fonts/enc/dvips/mnsymbol/MnSymbolB.enc}{/usr/local/te
xlive/2011/texmf-dist/fonts/enc/dvips/cm-super/cm-super-t1.enc}{/usr/local/texl
ive/2011/texmf-dist/fonts/enc/dvips/mnsymbol/MnSymbolC.enc}{/usr/local/texlive/
2011/texmf-dist/fonts/enc/dvips/mnsymbol/MnSymbolA.enc}{/usr/local/texlive/2011
/texmf-dist/fonts/enc/dvips/mnsymbol/MnSymbolS.enc}</usr/local/texlive/2011/tex
mf-dist/fonts/type1/public/mnsymbol/MnSymbol10.pfb></usr/local/texlive/2011/tex
mf-dist/fonts/type1/public/mnsymbol/MnSymbol6.pfb></usr/local/texlive/2011/texm
f-dist/fonts/type1/public/mnsymbol/MnSymbol8.pfb></usr/local/texlive/2011/texmf
-dist/fonts/type1/public/mnsymbol/MnSymbol9.pfb></usr/local/texlive/2011/texmf-
dist/fonts/type1/public/amsfonts/cm/cmmi10.pfb></usr/local/texlive/2011/texmf-d
ist/fonts/type1/public/amsfonts/cm/cmmi12.pfb></usr/local/texlive/2011/texmf-di
st/fonts/type1/public/amsfonts/cm/cmmi6.pfb></usr/local/texlive/2011/texmf-dist
/fonts/type1/public/amsfonts/cm/cmmi8.pfb></usr/local/texlive/2011/texmf-dist/f
onts/type1/public/amsfonts/cm/cmmi9.pfb></usr/local/texlive/2011/texmf-dist/fon
ts/type1/public/amsfonts/cm/cmr10.pfb></usr/local/texlive/2011/texmf-dist/fonts
/type1/public/amsfonts/cm/cmr6.pfb></usr/local/texlive/2011/texmf-dist/fonts/ty
pe1/public/amsfonts/cm/cmr8.pfb></usr/local/texlive/2011/texmf-dist/fonts/type1
/public/amsfonts/cm/cmr9.pfb></usr/local/texlive/2011/texmf-dist/fonts/type1/pu
blic/amsfonts/euler/eufm10.pfb></usr/local/texlive/2011/texmf-dist/fonts/type1/
public/amsfonts/symbols/msbm10.pfb></usr/local/texlive/2011/texmf-dist/fonts/ty
pe1/public/rsfs/rsfs10.pfb></usr/local/texlive/2011/texmf-dist/fonts/type1/publ
ic/cm-super/sfbx0900.pfb></usr/local/texlive/2011/texmf-dist/fonts/type1/public
/cm-super/sfbx1095.pfb></usr/local/texlive/2011/texmf-dist/fonts/type1/public/c
m-super/sfbx1200.pfb></usr/local/texlive/2011/texmf-dist/fonts/type1/public/cm-
super/sfbx1440.pfb></usr/local/texlive/2011/texmf-dist/fonts/type1/public/cm-su
per/sfbx2074.pfb></usr/local/texlive/2011/texmf-dist/fonts/type1/public/cm-supe
r/sfbx2488.pfb></usr/local/texlive/2011/texmf-dist/fonts/type1/public/cm-super/
sfcc1095.pfb></usr/local/texlive/2011/texmf-dist/fonts/type1/public/cm-super/sf
cc1440.pfb></usr/local/texlive/2011/texmf-dist/fonts/type1/public/cm-super/sfcc
2488.pfb></usr/local/texlive/2011/texmf-dist/fonts/type1/public/cm-super/sfrm06
00.pfb></usr/local/texlive/2011/texmf-dist/fonts/type1/public/cm-super/sfrm0800
.pfb></usr/local/texlive/2011/texmf-dist/fonts/type1/public/cm-super/sfrm0900.p
fb></usr/local/texlive/2011/texmf-dist/fonts/type1/public/cm-super/sfrm1095.pfb
></usr/local/texlive/2011/texmf-dist/fonts/type1/public/cm-super/sfrm1200.pfb><
/usr/local/texlive/2011/texmf-dist/fonts/type1/public/cm-super/sfrm2488.pfb></u
sr/local/texlive/2011/texmf-dist/fonts/type1/public/cm-super/sfti0900.pfb></usr
/local/texlive/2011/texmf-dist/fonts/type1/public/cm-super/sfti1095.pfb>
Output written on CDAcompleto.pdf (107 pages, 949997 bytes).
PDF statistics:
 1031 PDF objects out of 1200 (max. 8388607)
 869 compressed objects within 9 object streams
 395 named destinations out of 1000 (max. 500000)
 68 words of extra memory for PDF output out of 10000 (max. 10000000)

