\BOOKMARK [0][-]{chapter.1}{Incipit}{}% 1
\BOOKMARK [1][-]{section.1.1}{Prima di cominciare bisogna sapere che...}{chapter.1}% 2
\BOOKMARK [2][-]{subsection.1.1.1}{Insiemistica}{section.1.1}% 3
\BOOKMARK [2][-]{subsection.1.1.2}{Serie}{section.1.1}% 4
\BOOKMARK [0][-]{chapter.2}{Misure}{}% 5
\BOOKMARK [1][-]{section.2.1}{La misura degli insiemi elementari}{chapter.2}% 6
\BOOKMARK [1][-]{section.2.2}{Misura esterna}{chapter.2}% 7
\BOOKMARK [1][-]{section.2.3}{Misura di Lebesgue}{chapter.2}% 8
\BOOKMARK [1][-]{section.2.4}{Insiemi misurabili}{chapter.2}% 9
\BOOKMARK [1][-]{section.2.5}{Ulteriori concetti sulla misura di Lebesgue}{chapter.2}% 10
\BOOKMARK [2][-]{subsection.2.5.1}{Misura interna}{section.2.5}% 11
\BOOKMARK [2][-]{subsection.2.5.2}{Misurabilità degli insiemi illimitati}{section.2.5}% 12
\BOOKMARK [2][-]{subsection.2.5.3}{Misure complete e assolutamente continue}{section.2.5}% 13
\BOOKMARK [0][-]{chapter.3}{Complementi}{}% 14
\BOOKMARK [1][-]{section.3.1}{Teoria generale della misura}{chapter.3}% 15
\BOOKMARK [2][-]{subsection.3.1.1}{Prolungamento della misura su semianelli dotati di unità}{section.3.1}% 16
\BOOKMARK [1][-]{section.3.2}{\(Complementi\)2}{chapter.3}% 17
\BOOKMARK [2][-]{subsection.3.2.1}{L'insieme di Cantor}{section.3.2}% 18
\BOOKMARK [2][-]{subsection.3.2.2}{Misurabilità di un insieme secondo Peano-Jordan}{section.3.2}% 19
\BOOKMARK [0][-]{chapter.4}{Funzioni misurabili}{}% 20
\BOOKMARK [1][-]{section.4.1}{Un nuovo punto di vista sulle funzioni}{chapter.4}% 21
\BOOKMARK [1][-]{section.4.2}{Convergenza di funzioni}{chapter.4}% 22
\BOOKMARK [0][-]{chapter.5}{Integrale di Lebesgue}{}% 23
\BOOKMARK [1][-]{section.5.1}{Definizione dell'integrale}{chapter.5}% 24
\BOOKMARK [1][-]{section.5.2}{Proprietà dell'integrale}{chapter.5}% 25
\BOOKMARK [1][-]{section.5.3}{Teoremi di passaggio al limite sotto segno di integrale}{chapter.5}% 26
\BOOKMARK [2][-]{subsection.5.3.1}{Funzioni integrali parametriche}{section.5.3}% 27
\BOOKMARK [1][-]{section.5.4}{Henry Lebesgue vs Bernard Riemann}{chapter.5}% 28
\BOOKMARK [1][-]{section.5.5}{Misura prodotto. Teoremi di Fubini e Tonelli}{chapter.5}% 29
\BOOKMARK [0][-]{chapter.6}{Appendice}{}% 30
\BOOKMARK [1][-]{section.6.1}{Misura del conteggio}{chapter.6}% 31
\BOOKMARK [1][-]{section.6.2}{Usi notevoli di Fubini-Tonelli}{chapter.6}% 32
\BOOKMARK [1][-]{section.6.3}{Ma cosa cambia se la misura è infinita?}{chapter.6}% 33
\BOOKMARK [0][-]{chapter.7}{La rivincita di Riemann}{}% 34
\BOOKMARK [1][-]{section.7.1}{Approfondimenti sull'integrale di Riemann}{chapter.7}% 35
\BOOKMARK [1][-]{section.7.2}{Potenziali}{chapter.7}% 36
\BOOKMARK [1][-]{section.7.3}{Area di una superficie}{chapter.7}% 37
\BOOKMARK [1][-]{section.7.4}{k-forme}{chapter.7}% 38
